#
# A fatal error has been detected by the Java Runtime Environment:
#
#  Internal Error (javaClasses.cpp:137), pid=7568, tid=3972
#  fatal error: Invalid layout of preloaded class
#
# JRE version:  (7.0_80-b15) (build )
# Java VM: Java HotSpot(TM) 64-Bit Server VM (24.80-b11 mixed mode windows-amd64 compressed oops)
# Failed to write core dump. Minidumps are not enabled by default on client versions of Windows
#
# If you would like to submit a bug report, please visit:
#   http://bugreport.java.com/bugreport/crash.jsp
#

---------------  T H R E A D  ---------------

Current thread (0x00000000021be000):  JavaThread "Unknown thread" [_thread_in_vm, id=3972, stack(0x00000000022c0000,0x00000000023c0000)]

Stack: [0x00000000022c0000,0x00000000023c0000]
[error occurred during error reporting (printing stack bounds), id 0xc0000005]


---------------  P R O C E S S  ---------------

Java Threads: ( => current thread )

Other Threads:

=>0x00000000021be000 (exited) JavaThread "Unknown thread" [_thread_in_vm, id=3972, stack(0x00000000022c0000,0x00000000023c0000)]

VM state:not at safepoint (not fully initialized)

VM Mutex/Monitor currently owned by a thread: None

GC Heap History (0 events):
No events

Deoptimization events (0 events):
No events

Internal exceptions (0 events):
No events

Events (10 events):
Event: 0.275 loading class 0x000000000223d4c0 done
Event: 0.276 loading class 0x000000000223cec0 done
Event: 0.276 loading class 0x000000000223cea0
Event: 0.276 loading class 0x0000000002245010
Event: 0.290 loading class 0x0000000002245010 done
Event: 0.290 loading class 0x0000000002245040
Event: 0.290 loading class 0x0000000002245040 done
Event: 0.290 loading class 0x0000000002245070
Event: 0.290 loading class 0x0000000002245070 done
Event: 0.291 loading class 0x000000000223cea0 done


Dynamic libraries:
0x000000013fa70000 - 0x000000013faa3000 	C:\Program Files\Java\jdk1.7.0_80\bin\javaw.exe
0x0000000076f60000 - 0x000000007710a000 	C:\Windows\SYSTEM32\ntdll.dll
0x0000000076e40000 - 0x0000000076f5f000 	C:\Windows\system32\kernel32.dll
0x000007fefccb0000 - 0x000007fefcd1b000 	C:\Windows\system32\KERNELBASE.dll
0x000007fefd6c0000 - 0x000007fefd79b000 	C:\Windows\system32\ADVAPI32.dll
0x000007fefd590000 - 0x000007fefd62f000 	C:\Windows\system32\msvcrt.dll
0x000007fefdf40000 - 0x000007fefdf5f000 	C:\Windows\SYSTEM32\sechost.dll
0x000007fefd460000 - 0x000007fefd58d000 	C:\Windows\system32\RPCRT4.dll
0x0000000076d40000 - 0x0000000076e3a000 	C:\Windows\system32\USER32.dll
0x000007fefdad0000 - 0x000007fefdb37000 	C:\Windows\system32\GDI32.dll
0x000007fefd6b0000 - 0x000007fefd6be000 	C:\Windows\system32\LPK.dll
0x000007fefcf10000 - 0x000007fefcfda000 	C:\Windows\system32\USP10.dll
0x000007fefaae0000 - 0x000007fefacd4000 	C:\Windows\WinSxS\amd64_microsoft.windows.common-controls_6595b64144ccf1df_6.0.7601.18837_none_fa3b1e3d17594757\COMCTL32.dll
0x000007feff1f0000 - 0x000007feff261000 	C:\Windows\system32\SHLWAPI.dll
0x000007feff1c0000 - 0x000007feff1ee000 	C:\Windows\system32\IMM32.DLL
0x000007fefd0c0000 - 0x000007fefd1c9000 	C:\Windows\system32\MSCTF.dll
0x000000005ed90000 - 0x000000005ee62000 	C:\Program Files\Java\jdk1.7.0_80\jre\bin\msvcr100.dll
0x000000006e740000 - 0x000000006ef19000 	C:\Program Files\Java\jdk1.7.0_80\jre\bin\server\jvm.dll
0x000007fef59e0000 - 0x000007fef59e9000 	C:\Windows\system32\WSOCK32.dll
0x000007fefe2d0000 - 0x000007fefe31d000 	C:\Windows\system32\WS2_32.dll
0x000007fefdf30000 - 0x000007fefdf38000 	C:\Windows\system32\NSI.dll
0x000007fefcaf0000 - 0x000007fefcb2b000 	C:\Windows\system32\WINMM.dll
0x0000000077130000 - 0x0000000077137000 	C:\Windows\system32\PSAPI.DLL
0x0000000068800000 - 0x000000006880f000 	C:\Program Files\Java\jdk1.7.0_80\jre\bin\verify.dll
0x00000000687b0000 - 0x00000000687d8000 	C:\Program Files\Java\jdk1.7.0_80\jre\bin\java.dll
0x0000000068790000 - 0x00000000687a6000 	C:\Program Files\Java\jdk1.7.0_80\jre\bin\zip.dll

VM Arguments:
jvm_args: -Dfile.encoding=GBK -Xbootclasspath:D:\chenyb\tools\android-sdk-windows\platforms\android-17\android.jar 
java_command: com.cyb.study.Test
Launcher Type: SUN_STANDARD

Environment Variables:
JAVA_HOME=C:\Program Files (x86)\Java\jdk1.8.0_45
PATH=C:/Program Files (x86)/Java/jdk1.8.0_45/bin/../jre/bin/client;C:/Program Files (x86)/Java/jdk1.8.0_45/bin/../jre/bin;C:/Program Files (x86)/Java/jdk1.8.0_45/bin/../jre/lib/i386;C:\Windows\system32;C:\Windows;C:\Windows\System32\Wbem;C:\Windows\System32\WindowsPowerShell\v1.0\;C:\Program Files (x86)\Common Files\ThinPrint\;C:\Program Files (x86)\Java\jdk1.8.0_45\bin;D:\chenyb\tools\android-sdk-windows\platform-tools;D:\chenyb\tools\apache-maven-3.0.4\bin;C:\Program Files\nodejs\;C:\Windows\system32\config\systemprofile\.dnx\bin;C:\Program Files\Microsoft DNX\Dnvm\;C:\Program Files\Microsoft SQL Server\120\Tools\Binn\;C:\Program Files (x86)\Windows Kits\8.1\Windows Performance Toolkit\;C:\Program Files\TortoiseSVN\bin;C:\Program Files\VisualSVN Server\bin;C:\Users\DHUser\.dnx\bin;C:\Users\DHUser\AppData\Roaming\npm;C:\Users\DHUser\Documents\IDM Computer Solutions\UltraEdit;D:\chenyb\tools\eclipse;
USERNAME=DHUser
OS=Windows_NT
PROCESSOR_IDENTIFIER=Intel64 Family 6 Model 60 Stepping 3, GenuineIntel



---------------  S Y S T E M  ---------------

OS: Windows 7 , 64 bit Build 7601 Service Pack 1

CPU:total 4 (4 cores per cpu, 1 threads per core) family 6 model 60 stepping 3, cmov, cx8, fxsr, mmx, sse, sse2, sse3, ssse3, sse4.1, sse4.2, popcnt, avx, avx2, aes, erms, tsc, tscinvbit

Memory: 4k page, physical 4117028k(449048k free), swap 8232220k(1288560k free)

vm_info: Java HotSpot(TM) 64-Bit Server VM (24.80-b11) for windows-amd64 JRE (1.7.0_80-b15), built on Apr 10 2015 11:26:34 by "java_re" with unknown MS VC++:1600

time: Thu Mar 24 12:11:49 2016
elapsed time: 0 seconds

